[1/50] style_001_buzz_cut :: 'buzz cut hairstyle portrait'
  kept 87 after portrait filter
[2/50] style_002_crew_cut :: 'crew cut hairstyle portrait'
2026-04-18 10:09:03,465 - ERROR - downloader - Response status code 404, file http://www.relentlessgrooming.com/cdn/shop/articles/Crew_Cut_Hairstyles_For_Men_be6af9b2-8ff9-4ef2-9bc8-b471374a60a2.jpg
2026-04-18 10:09:09,276 - ERROR - downloader - Exception caught when downloading file https://i.pinimg.com/originals/4b/19/9a/4b199a623e555bbd6069442f871c6c96.jpg, error: HTTPSConnectionPool(host='i.pinimg.com', port=443): Read timed out. (read timeout=5), remaining retry times: 2
2026-04-18 10:09:09,782 - ERROR - downloader - Exception caught when downloading file https://i.pinimg.com/736x/e0/1f/7e/e01f7e45c56fc4d22fe4290546d24860.jpg, error: HTTPSConnectionPool(host='i.pinimg.com', port=443): Read timed out. (read timeout=5), remaining retry times: 2
  kept 112 after portrait filter
[3/50] style_003_caesar_cut :: 'caesar cut hairstyle portrait'
2026-04-18 10:09:21,607 - ERROR - downloader - Exception caught when downloading file https://menshairstyletips.com/wp-content/uploads/25-Caesar-Haircut-with-Fade-800x993.jpg, error: ('Connection aborted.', RemoteDisconnected('Remote end closed connection without response')), remaining retry times: 2
2026-04-18 10:09:21,710 - ERROR - downloader - Exception caught when downloading file https://menshairstyletips.com/wp-content/uploads/25-Caesar-Haircut-with-Fade-800x993.jpg, error: ('Connection aborted.', RemoteDisconnected('Remote end closed connection without response')), remaining retry times: 1
2026-04-18 10:09:23,743 - ERROR - downloader - Exception caught when downloading file https://menshairstyletips.com/wp-content/uploads/2-Short-Caesar-Waves.jpg, error: ('Connection aborted.', RemoteDisconnected('Remote end closed connection without response')), remaining retry times: 2
2026-04-18 10:09:23,837 - ERROR - downloader - Exception caught when downloading file https://menshairstyletips.com/wp-content/uploads/2-Short-Caesar-Waves.jpg, error: ('Connection aborted.', RemoteDisconnected('Remote end closed connection without response')), remaining retry times: 1
2026-04-18 10:09:23,922 - ERROR - downloader - Exception caught when downloading file https://menshairstyletips.com/wp-content/uploads/2-Short-Caesar-Waves.jpg, error: ('Connection aborted.', RemoteDisconnected('Remote end closed connection without response')), remaining retry times: 0
2026-04-18 10:09:26,751 - ERROR - downloader - Exception caught when downloading file https://menshairstyletips.com/wp-content/uploads/25-Caesar-Haircut-with-Fade-800x993.jpg, error: HTTPSConnectionPool(host='menshairstyletips.com', port=443): Read timed out. (read timeout=5), remaining retry times: 0
2026-04-18 10:09:28,185 - ERROR - downloader - Exception caught when downloading file https://menshairstyletips.com/wp-content/uploads/13-Low-Caesar-Haircut.jpg, error: HTTPSConnectionPool(host='menshairstyletips.com', port=443): Read timed out. (read timeout=5), remaining retry times: 2
2026-04-18 10:09:28,274 - ERROR - downloader - Exception caught when downloading file https://menshairstyletips.com/wp-content/uploads/13-Low-Caesar-Haircut.jpg, error: ('Connection aborted.', RemoteDisconnected('Remote end closed connection without response')), remaining retry times: 1
2026-04-18 10:09:28,366 - ERROR - downloader - Exception caught when downloading file https://menshairstyletips.com/wp-content/uploads/13-Low-Caesar-Haircut.jpg, error: ('Connection aborted.', RemoteDisconnected('Remote end closed connection without response')), remaining retry times: 0
  kept 117 after portrait filter
[4/50] style_004_french_crop :: 'french crop haircut portrait'
2026-04-18 10:09:37,922 - ERROR - downloader - Exception caught when downloading file https://menshairstyletips.com/wp-content/uploads/10-Scene-Stealing-French-Crop-800x993.jpg, error: ('Connection aborted.', RemoteDisconnected('Remote end closed connection without response')), remaining retry times: 2
2026-04-18 10:09:38,013 - ERROR - downloader - Exception caught when downloading file https://menshairstyletips.com/wp-content/uploads/10-Scene-Stealing-French-Crop-800x993.jpg, error: ('Connection aborted.', RemoteDisconnected('Remote end closed connection without response')), remaining retry times: 1
2026-04-18 10:09:38,131 - ERROR - downloader - Exception caught when downloading file https://menshairstyletips.com/wp-content/uploads/10-Scene-Stealing-French-Crop-800x993.jpg, error: ('Connection aborted.', RemoteDisconnected('Remote end closed connection without response')), remaining retry times: 0
2026-04-18 10:09:38,218 - ERROR - downloader - Exception caught when downloading file https://menshairstyletips.com/wp-content/uploads/13-French-Crop-Undercut-800x1000.jpg, error: ('Connection aborted.', RemoteDisconnected('Remote end closed connection without response')), remaining retry times: 2
2026-04-18 10:09:38,327 - ERROR - downloader - Exception caught when downloading file https://menshairstyletips.com/wp-content/uploads/13-French-Crop-Undercut-800x1000.jpg, error: ('Connection aborted.', RemoteDisconnected('Remote end closed connection without response')), remaining retry times: 1
2026-04-18 10:09:38,908 - ERROR - downloader - Exception caught when downloading file https://menshairstyletips.com/wp-content/uploads/31-Soft-French-Crop-800x800.jpg, error: ('Connection aborted.', RemoteDisconnected('Remote end closed connection without response')), remaining retry times: 2
2026-04-18 10:09:43,366 - ERROR - downloader - Exception caught when downloading file https://menshairstyletips.com/wp-content/uploads/13-French-Crop-Undercut-800x1000.jpg, error: HTTPSConnectionPool(host='menshairstyletips.com', port=443): Read timed out. (read timeout=5), remaining retry times: 0
2026-04-18 10:09:43,945 - ERROR - downloader - Exception caught when downloading file https://menshairstyletips.com/wp-content/uploads/31-Soft-French-Crop-800x800.jpg, error: HTTPSConnectionPool(host='menshairstyletips.com', port=443): Read timed out. (read timeout=5), remaining retry times: 1
2026-04-18 10:09:44,149 - ERROR - downloader - Exception caught when downloading file https://menshairstyletips.com/wp-content/uploads/31-Soft-French-Crop-800x800.jpg, error: ('Connection aborted.', RemoteDisconnected('Remote end closed connection without response')), remaining retry times: 0
  kept 120 after portrait filter
[5/50] style_005_textured_crop :: 'textured crop haircut portrait'
2026-04-18 10:10:03,832 - ERROR - downloader - Exception caught when downloading file https://i.pinimg.com/474x/98/6c/54/986c549669767bc1c37b52a2fd09d240.jpg, error: HTTPSConnectionPool(host='i.pinimg.com', port=443): Read timed out. (read timeout=5), remaining retry times: 2
  kept 103 after portrait filter
[6/50] style_006_edgar_cut :: 'edgar haircut portrait'
  kept 102 after portrait filter
[7/50] style_007_ivy_league :: 'ivy league haircut portrait'
2026-04-18 10:10:31,600 - ERROR - downloader - Exception caught when downloading file https://menshairstyletips.com/wp-content/uploads/2017/05/Thumbnail-Exquisite-Ivy-League-Haircut.jpg, error: ('Connection aborted.', RemoteDisconnected('Remote end closed connection without response')), remaining retry times: 2
2026-04-18 10:10:31,693 - ERROR - downloader - Exception caught when downloading file https://menshairstyletips.com/wp-content/uploads/2017/05/Thumbnail-Exquisite-Ivy-League-Haircut.jpg, error: ('Connection aborted.', RemoteDisconnected('Remote end closed connection without response')), remaining retry times: 1
2026-04-18 10:10:31,790 - ERROR - downloader - Exception caught when downloading file https://menshairstyletips.com/wp-content/uploads/2017/05/Thumbnail-Exquisite-Ivy-League-Haircut.jpg, error: ('Connection aborted.', RemoteDisconnected('Remote end closed connection without response')), remaining retry times: 0
  kept 103 after portrait filter
[8/50] style_008_side_part :: 'side part hairstyle portrait'
2026-04-18 10:10:41,015 - ERROR - downloader - Response status code 404, file https://d1sz91hy4zr00z.cloudfront.net/fit-in/500x500/fotobuzz/imgQ/20231129/6b16debe970b158a42dcfdd227cb56b5.jpg
  kept 118 after portrait filter
[9/50] style_009_comb_over :: 'comb over haircut portrait'
  kept 120 after portrait filter
[10/50] style_010_slick_back :: 'slick back hairstyle portrait'
  kept 114 after portrait filter
[11/50] style_011_pompadour :: 'pompadour hairstyle portrait'
2026-04-18 10:11:18,351 - ERROR - downloader - Response status code 400, file https://media.gettyimages.com/id/534229838/photo/madame-de-pompadour-lithograph-after-a-painting-by-francois-boucher.jpg
2026-04-18 10:11:19,103 - ERROR - downloader - Response status code 403, file https://assets.unileversolutions.com/v1/2248681.jpg
  kept 101 after portrait filter
[12/50] style_012_quiff :: 'quiff hairstyle portrait'
2026-04-18 10:11:32,854 - ERROR - downloader - Response status code 400, file https://media.istockphoto.com/id/57158603/photo/woman-with-quiff-hairstyle.jpg
  kept 114 after portrait filter
[13/50] style_013_faux_hawk :: 'faux hawk hairstyle portrait'
2026-04-18 10:11:42,184 - ERROR - downloader - Exception caught when downloading file https://menshairstyletips.com/wp-content/uploads/2020/09/17-Spiky-Top-with-High-Fade.jpg, error: ('Connection aborted.', RemoteDisconnected('Remote end closed connection without response')), remaining retry times: 2
2026-04-18 10:11:42,267 - ERROR - downloader - Exception caught when downloading file https://menshairstyletips.com/wp-content/uploads/2020/09/17-Spiky-Top-with-High-Fade.jpg, error: ('Connection aborted.', RemoteDisconnected('Remote end closed connection without response')), remaining retry times: 1
2026-04-18 10:11:42,357 - ERROR - downloader - Exception caught when downloading file http://menshairstyletips.com/wp-content/uploads/2017/05/1-High-Fade-Faux-Hawk.jpg, error: ('Connection aborted.', RemoteDisconnected('Remote end closed connection without response')), remaining retry times: 2
2026-04-18 10:11:42,367 - ERROR - downloader - Exception caught when downloading file https://menshairstyletips.com/wp-content/uploads/2020/09/17-Spiky-Top-with-High-Fade.jpg, error: ('Connection aborted.', RemoteDisconnected('Remote end closed connection without response')), remaining retry times: 0
2026-04-18 10:11:42,415 - ERROR - downloader - Exception caught when downloading file http://menshairstyletips.com/wp-content/uploads/2017/05/1-High-Fade-Faux-Hawk.jpg, error: ('Connection aborted.', RemoteDisconnected('Remote end closed connection without response')), remaining retry times: 1
2026-04-18 10:11:42,475 - ERROR - downloader - Exception caught when downloading file http://menshairstyletips.com/wp-content/uploads/2017/05/1-High-Fade-Faux-Hawk.jpg, error: ('Connection aborted.', RemoteDisconnected('Remote end closed connection without response')), remaining retry times: 0
2026-04-18 10:11:44,797 - ERROR - downloader - Response status code 403, file https://www.hudsonhawk.com/wp-content/uploads/2025/01/Portrait-of-man-facing-to-the-side-with-faux-hawk-haircut-scaled.jpg
2026-04-18 10:11:46,169 - ERROR - downloader - Exception caught when downloading file https://menshairstyletips.com/wp-content/uploads/2020/09/Volume-Faux-Hawk-Mid-Fade.jpg, error: ('Connection aborted.', RemoteDisconnected('Remote end closed connection without response')), remaining retry times: 2
2026-04-18 10:11:46,253 - ERROR - downloader - Exception caught when downloading file https://menshairstyletips.com/wp-content/uploads/2020/09/Volume-Faux-Hawk-Mid-Fade.jpg, error: ('Connection aborted.', RemoteDisconnected('Remote end closed connection without response')), remaining retry times: 1
2026-04-18 10:11:46,334 - ERROR - downloader - Exception caught when downloading file https://menshairstyletips.com/wp-content/uploads/2020/09/Volume-Faux-Hawk-Mid-Fade.jpg, error: ('Connection aborted.', RemoteDisconnected('Remote end closed connection without response')), remaining retry times: 0
2026-04-18 10:11:46,703 - ERROR - downloader - Response status code 403, file https://www.nadula.com/media/wysiwyg/blogimg/faux_hawk_hairstyles-min.jpg
2026-04-18 10:11:49,249 - ERROR - downloader - Exception caught when downloading file https://prettyupgrade.com/wp-content/uploads/2025/02/0e676cddd7fc95fbf4e581a5359c6037_compress.jpg, error: HTTPSConnectionPool(host='prettyupgrade.com', port=443): Read timed out. (read timeout=5), remaining retry times: 2
2026-04-18 10:11:54,291 - ERROR - downloader - Exception caught when downloading file https://prettyupgrade.com/wp-content/uploads/2025/02/0e676cddd7fc95fbf4e581a5359c6037_compress.jpg, error: HTTPSConnectionPool(host='prettyupgrade.com', port=443): Read timed out. (read timeout=5), remaining retry times: 1
2026-04-18 10:11:59,336 - ERROR - downloader - Exception caught when downloading file https://prettyupgrade.com/wp-content/uploads/2025/02/0e676cddd7fc95fbf4e581a5359c6037_compress.jpg, error: HTTPSConnectionPool(host='prettyupgrade.com', port=443): Read timed out. (read timeout=5), remaining retry times: 0
  kept 123 after portrait filter
[14/50] style_014_mohawk :: 'mohawk hairstyle portrait'
2026-04-18 10:12:06,333 - ERROR - downloader - Response status code 400, file https://media.gettyimages.com/id/1082558414/es/foto/confident-young-woman-with-pink-mohawk-on-urban-sidewalk.jpg
2026-04-18 10:12:06,528 - ERROR - downloader - Response status code 404, file https://upload.wikimedia.org/wikipedia/commons/thumb/2/21/Short_Mohawk.jpg
2026-04-18 10:12:07,327 - ERROR - downloader - Response status code 403, file https://assets.unileversolutions.com/v1/34605293.jpg
2026-04-18 10:12:12,166 - ERROR - downloader - Response status code 403, file https://windyaiart.com/wp-content/uploads/2024/02/image-98.jpg
2026-04-18 10:12:12,440 - ERROR - downloader - Response status code 403, file https://youprobablyneedahaircut.com/wp-content/uploads/2021/09/4-1-e1632612435224.jpg
2026-04-18 10:12:14,244 - ERROR - downloader - Response status code 403, file https://youprobablyneedahaircut.com/wp-content/uploads/2021/11/shutterstock_311948693.jpg
2026-04-18 10:12:14,449 - ERROR - downloader - Response status code 403, file https://preview.redd.it/mohawk-photo-art-v0-kbz2fryjz2ca1.jpg
2026-04-18 10:12:14,462 - ERROR - downloader - Exception caught when downloading file https://thumbs.dreamstime.com/z/man-avatar-profile-view-male-face-silhouette-isolated-icon-vector-illustration-mohawk-hairstyle-portrait-sunglasses-91146292.jpg, error: HTTPSConnectionPool(host='thumbs.dreamstime.com', port=443): Read timed out. (read timeout=5), remaining retry times: 2
2026-04-18 10:12:15,181 - ERROR - downloader - Response status code 404, file https://gatsby.ph/upload/redactor/08_TaperMohawkçA_540px.jpg
2026-04-18 10:12:19,498 - ERROR - downloader - Exception caught when downloading file https://thumbs.dreamstime.com/z/man-avatar-profile-view-male-face-silhouette-isolated-icon-vector-illustration-mohawk-hairstyle-portrait-sunglasses-91146292.jpg, error: HTTPSConnectionPool(host='thumbs.dreamstime.com', port=443): Read timed out. (read timeout=5), remaining retry times: 1
2026-04-18 10:12:24,536 - ERROR - downloader - Exception caught when downloading file https://thumbs.dreamstime.com/z/man-avatar-profile-view-male-face-silhouette-isolated-icon-vector-illustration-mohawk-hairstyle-portrait-sunglasses-91146292.jpg, error: HTTPSConnectionPool(host='thumbs.dreamstime.com', port=443): Read timed out. (read timeout=5), remaining retry times: 0
2026-04-18 10:12:43,264 - ERROR - downloader - Exception caught when downloading file https://askhairstyles.com/wp-content/uploads/2016/04/Versatile-Mohawk-Mohawk-Hairstyles.jpg, error: HTTPSConnectionPool(host='askhairstyles.com', port=443): Max retries exceeded with url: /wp-content/uploads/2016/04/Versatile-Mohawk-Mohawk-Hairstyles.jpg (Caused by NameResolutionError("HTTPSConnection(host='askhairstyles.com', port=443): Failed to resolve 'askhairstyles.com' ([Errno 8] nodename nor servname provided, or not known)")), remaining retry times: 2
2026-04-18 10:13:13,268 - ERROR - downloader - Exception caught when downloading file https://askhairstyles.com/wp-content/uploads/2016/04/Versatile-Mohawk-Mohawk-Hairstyles.jpg, error: HTTPSConnectionPool(host='askhairstyles.com', port=443): Max retries exceeded with url: /wp-content/uploads/2016/04/Versatile-Mohawk-Mohawk-Hairstyles.jpg (Caused by NameResolutionError("HTTPSConnection(host='askhairstyles.com', port=443): Failed to resolve 'askhairstyles.com' ([Errno 8] nodename nor servname provided, or not known)")), remaining retry times: 1
2026-04-18 10:13:43,274 - ERROR - downloader - Exception caught when downloading file https://askhairstyles.com/wp-content/uploads/2016/04/Versatile-Mohawk-Mohawk-Hairstyles.jpg, error: HTTPSConnectionPool(host='askhairstyles.com', port=443): Max retries exceeded with url: /wp-content/uploads/2016/04/Versatile-Mohawk-Mohawk-Hairstyles.jpg (Caused by NameResolutionError("HTTPSConnection(host='askhairstyles.com', port=443): Failed to resolve 'askhairstyles.com' ([Errno 8] nodename nor servname provided, or not known)")), remaining retry times: 0
  kept 98 after portrait filter
[15/50] style_015_undercut :: 'disconnected undercut hairstyle portrait'
2026-04-18 10:13:56,212 - ERROR - downloader - Response status code 404, file https://www.wikihow.com/images/thumb/9/95/Disconnected-Undercut-Step-6.jpg
  kept 130 after portrait filter
[16/50] style_016_low_taper :: 'low taper haircut portrait'
  kept 108 after portrait filter
[17/50] style_017_mid_taper :: 'mid taper haircut portrait'
  kept 92 after portrait filter
[18/50] style_018_high_taper :: 'high taper haircut portrait'
2026-04-18 10:14:28,582 - ERROR - downloader - Response status code 400, file https://i2.wp.com/hairstylesvip.com/wp-content/uploads/2021/07/high-taper-fade-on-straight-hair.jpg
2026-04-18 10:14:31,568 - ERROR - downloader - Response status code 404, file http://www.beardbeasts.com/cdn/shop/articles/low_taper_vs_high_taper_haircut_2.jpg
2026-04-18 10:14:39,093 - ERROR - downloader - Exception caught when downloading file https://images.designtrends.com/wp-content/uploads/2016/01/20045618/High-Taper-Fade-Haircut-Design.jpg, error: HTTPSConnectionPool(host='images.designtrends.com', port=443): Read timed out. (read timeout=5), remaining retry times: 2
2026-04-18 10:14:44,148 - ERROR - downloader - Exception caught when downloading file https://images.designtrends.com/wp-content/uploads/2016/01/20045618/High-Taper-Fade-Haircut-Design.jpg, error: HTTPSConnectionPool(host='images.designtrends.com', port=443): Read timed out. (read timeout=5), remaining retry times: 1
2026-04-18 10:14:49,198 - ERROR - downloader - Exception caught when downloading file https://images.designtrends.com/wp-content/uploads/2016/01/20045618/High-Taper-Fade-Haircut-Design.jpg, error: HTTPSConnectionPool(host='images.designtrends.com', port=443): Read timed out. (read timeout=5), remaining retry times: 0
  kept 98 after portrait filter
[19/50] style_019_low_fade :: 'low fade haircut portrait'
2026-04-18 10:15:04,314 - ERROR - downloader - Exception caught when downloading file https://i.pinimg.com/originals/02/76/58/027658b19ac67561392106f488b71048.jpg, error: HTTPSConnectionPool(host='i.pinimg.com', port=443): Read timed out. (read timeout=5), remaining retry times: 2
  kept 118 after portrait filter
[20/50] style_020_mid_fade :: 'mid fade haircut portrait'
2026-04-18 10:15:23,330 - ERROR - downloader - Response status code 404, file https://eo54oy2xq6y.exactdn.com/wp-content/uploads/2021/11/mid-fade-haircut-3-1-768x768.jpg
  kept 129 after portrait filter
[21/50] style_021_high_fade :: 'high fade haircut portrait'
2026-04-18 10:15:36,868 - ERROR - downloader - Response status code 404, file https://haircutnow.com/wp-content/smush-webp/2025/03/Bryshere_Y._Gray_cropped-737x1024.jpg
  kept 127 after portrait filter
[22/50] style_022_skin_fade :: 'skin fade haircut portrait'
2026-04-18 10:15:43,606 - ERROR - downloader - Response status code 404, file https://www.wikihow.com/images/thumb/5/56/Ask-for-a-Fade-Haircut-Step-11.jpg
2026-04-18 10:15:44,125 - ERROR - downloader - Response status code 404, file https://www.wikihow.com/images/thumb/f/f4/Skin-Fade-Haircut-Step-11.jpg
2026-04-18 10:15:44,281 - ERROR - downloader - Response status code 404, file https://www.wikihow.com/images/thumb/6/6b/Skin-Fade-Haircut-Step-4.jpg
2026-04-18 10:15:45,515 - ERROR - downloader - Response status code 404, file https://www.wikihow.com/images/thumb/8/8c/Skin-Fade-Haircut-Step-5.jpg
2026-04-18 10:15:45,676 - ERROR - downloader - Response status code 404, file https://www.wikihow.com/images/thumb/d/db/Skin-Fade-Haircut-Step-10.jpg
2026-04-18 10:15:46,963 - ERROR - downloader - Response status code 404, file https://www.wikihow.com/images/thumb/c/c9/Skin-Fade-Haircut-Step-8.jpg
  kept 121 after portrait filter
[23/50] style_023_burst_fade :: 'burst fade haircut portrait'
  kept 104 after portrait filter
[24/50] style_024_drop_fade :: 'drop fade haircut portrait'
  kept 115 after portrait filter
[25/50] style_025_temple_fade :: 'temple fade haircut portrait'
2026-04-18 10:16:52,895 - ERROR - downloader - Exception caught when downloading file https://www.menshairstyletrends.com/wp-content/uploads/2017/01/jmdabarber-black-hair-men-temple-fade-with-curls-e1487200588908.jpg, error: HTTPSConnectionPool(host='www.menshairstyletrends.com', port=443): Max retries exceeded with url: /wp-content/uploads/2017/01/jmdabarber-black-hair-men-temple-fade-with-curls-e1487200588908.jpg (Caused by NameResolutionError("HTTPSConnection(host='www.menshairstyletrends.com', port=443): Failed to resolve 'www.menshairstyletrends.com' ([Errno 8] nodename nor servname provided, or not known)")), remaining retry times: 2
2026-04-18 10:16:53,535 - ERROR - downloader - Exception caught when downloading file https://manhattanbarber.com/wp-content/uploads/2023/10/A-man-with-a-temple-fade-haircut-790x400.jpg, error: HTTPSConnectionPool(host='manhattanbarber.com', port=443): Max retries exceeded with url: /wp-content/uploads/2023/10/A-man-with-a-temple-fade-haircut-790x400.jpg (Caused by NameResolutionError("HTTPSConnection(host='manhattanbarber.com', port=443): Failed to resolve 'manhattanbarber.com' ([Errno 8] nodename nor servname provided, or not known)")), remaining retry times: 2
2026-04-18 10:17:13,422 - ERROR - downloader - Exception caught when downloading file https://www.menshairstyletrends.com/wp-content/uploads/2017/01/jmdabarber-black-hair-men-temple-fade-with-curls-e1487200588908.jpg, error: HTTPSConnectionPool(host='www.menshairstyletrends.com', port=443): Max retries exceeded with url: /wp-content/uploads/2017/01/jmdabarber-black-hair-men-temple-fade-with-curls-e1487200588908.jpg (Caused by NameResolutionError("HTTPSConnection(host='www.menshairstyletrends.com', port=443): Failed to resolve 'www.menshairstyletrends.com' ([Errno 8] nodename nor servname provided, or not known)")), remaining retry times: 1
2026-04-18 10:17:13,428 - ERROR - downloader - Exception caught when downloading file https://www.menshairstyletrends.com/wp-content/uploads/2017/01/jmdabarber-black-hair-men-temple-fade-with-curls-e1487200588908.jpg, error: HTTPSConnectionPool(host='www.menshairstyletrends.com', port=443): Max retries exceeded with url: /wp-content/uploads/2017/01/jmdabarber-black-hair-men-temple-fade-with-curls-e1487200588908.jpg (Caused by NameResolutionError("HTTPSConnection(host='www.menshairstyletrends.com', port=443): Failed to resolve 'www.menshairstyletrends.com' ([Errno 8] nodename nor servname provided, or not known)")), remaining retry times: 0
2026-04-18 10:17:23,544 - ERROR - downloader - Exception caught when downloading file https://manhattanbarber.com/wp-content/uploads/2023/10/A-man-with-a-temple-fade-haircut-790x400.jpg, error: HTTPSConnectionPool(host='manhattanbarber.com', port=443): Max retries exceeded with url: /wp-content/uploads/2023/10/A-man-with-a-temple-fade-haircut-790x400.jpg (Caused by NameResolutionError("HTTPSConnection(host='manhattanbarber.com', port=443): Failed to resolve 'manhattanbarber.com' ([Errno 8] nodename nor servname provided, or not known)")), remaining retry times: 1
2026-04-18 10:17:53,550 - ERROR - downloader - Exception caught when downloading file https://manhattanbarber.com/wp-content/uploads/2023/10/A-man-with-a-temple-fade-haircut-790x400.jpg, error: HTTPSConnectionPool(host='manhattanbarber.com', port=443): Max retries exceeded with url: /wp-content/uploads/2023/10/A-man-with-a-temple-fade-haircut-790x400.jpg (Caused by NameResolutionError("HTTPSConnection(host='manhattanbarber.com', port=443): Failed to resolve 'manhattanbarber.com' ([Errno 8] nodename nor servname provided, or not known)")), remaining retry times: 0
  kept 121 after portrait filter
[26/50] style_026_bald :: 'bald man portrait'
2026-04-18 10:18:00,482 - ERROR - downloader - Response status code 403, file https://photoform.com.au/wp-content/uploads/2023/12/Well-Lit-Bald-Man-1500x1500.jpg
2026-04-18 10:18:06,749 - ERROR - downloader - Response status code 401, file https://images-wixmp-ed30a86b8c4ca887773594c2.wixmp.com/f/98d884c5-0b87-42d1-9a09-28a8577bd6d6/d35ntjs-81b9ba76-6512-49cf-973e-58058f03560e.jpg
2026-04-18 10:18:06,808 - ERROR - downloader - Response status code 404, file https://previews.agefotostock.com/previewimage/medibigoff/d9a44e9e03a8b6288e20f2c2973a6b6a/wr0976440.jpg
2026-04-18 10:18:09,626 - ERROR - downloader - Exception caught when downloading file https://thumbs.dreamstime.com/z/young-man-bald-portrait-red-background-studio-54854730.jpg, error: HTTPSConnectionPool(host='thumbs.dreamstime.com', port=443): Read timed out. (read timeout=5), remaining retry times: 2
2026-04-18 10:18:09,943 - ERROR - downloader - Exception caught when downloading file https://i.pinimg.com/originals/ef/6c/7c/ef6c7c0dd85c11be6bf6904987034bf8.jpg, error: HTTPSConnectionPool(host='i.pinimg.com', port=443): Read timed out. (read timeout=5), remaining retry times: 2
2026-04-18 10:18:11,219 - ERROR - downloader - Exception caught when downloading file https://thumbs.dreamstime.com/z/portrait-bald-man-beard-343663883.jpg, error: HTTPSConnectionPool(host='thumbs.dreamstime.com', port=443): Read timed out. (read timeout=5), remaining retry times: 2
2026-04-18 10:18:14,667 - ERROR - downloader - Exception caught when downloading file https://thumbs.dreamstime.com/z/young-man-bald-portrait-red-background-studio-54854730.jpg, error: HTTPSConnectionPool(host='thumbs.dreamstime.com', port=443): Read timed out. (read timeout=5), remaining retry times: 1
2026-04-18 10:18:16,261 - ERROR - downloader - Exception caught when downloading file https://thumbs.dreamstime.com/z/portrait-bald-man-beard-343663883.jpg, error: HTTPSConnectionPool(host='thumbs.dreamstime.com', port=443): Read timed out. (read timeout=5), remaining retry times: 1
2026-04-18 10:18:19,651 - ERROR - downloader - Response status code 500, file https://thumbs.dreamstime.com/z/young-man-bald-portrait-red-background-studio-54854730.jpg
2026-04-18 10:18:21,250 - ERROR - downloader - Response status code 500, file https://thumbs.dreamstime.com/z/portrait-bald-man-beard-343663883.jpg
  kept 72 after portrait filter
[27/50] style_027_curtains :: 'curtain hairstyle portrait'
2026-04-18 10:18:27,326 - ERROR - downloader - Exception caught when downloading file https://menshairstyletips.com/wp-content/uploads/Floating-Curtains-Hairstyle-800x993.jpg, error: ('Connection aborted.', RemoteDisconnected('Remote end closed connection without response')), remaining retry times: 2
2026-04-18 10:18:27,414 - ERROR - downloader - Exception caught when downloading file https://menshairstyletips.com/wp-content/uploads/Floating-Curtains-Hairstyle-800x993.jpg, error: ('Connection aborted.', RemoteDisconnected('Remote end closed connection without response')), remaining retry times: 1
2026-04-18 10:18:27,493 - ERROR - downloader - Exception caught when downloading file https://menshairstyletips.com/wp-content/uploads/Asymmetrical-Curtains-Haircut-564x700.jpg, error: ('Connection aborted.', RemoteDisconnected('Remote end closed connection without response')), remaining retry times: 2
2026-04-18 10:18:27,497 - ERROR - downloader - Exception caught when downloading file https://menshairstyletips.com/wp-content/uploads/Floating-Curtains-Hairstyle-800x993.jpg, error: ('Connection aborted.', RemoteDisconnected('Remote end closed connection without response')), remaining retry times: 0
2026-04-18 10:18:27,579 - ERROR - downloader - Exception caught when downloading file https://menshairstyletips.com/wp-content/uploads/Asymmetrical-Curtains-Haircut-564x700.jpg, error: ('Connection aborted.', RemoteDisconnected('Remote end closed connection without response')), remaining retry times: 1
2026-04-18 10:18:27,668 - ERROR - downloader - Exception caught when downloading file https://menshairstyletips.com/wp-content/uploads/Asymmetrical-Curtains-Haircut-564x700.jpg, error: ('Connection aborted.', RemoteDisconnected('Remote end closed connection without response')), remaining retry times: 0
2026-04-18 10:18:28,589 - ERROR - downloader - Response status code 404, file https://gentcg.com/assets/general/curtain-hairstyle-middle-part-men.jpg
2026-04-18 10:18:28,967 - ERROR - downloader - Exception caught when downloading file https://menshairstyletips.com/wp-content/uploads/Curtains-with-Highlights-564x700.jpg, error: ('Connection aborted.', RemoteDisconnected('Remote end closed connection without response')), remaining retry times: 2
2026-04-18 10:18:29,057 - ERROR - downloader - Exception caught when downloading file https://menshairstyletips.com/wp-content/uploads/Curtains-with-Highlights-564x700.jpg, error: ('Connection aborted.', RemoteDisconnected('Remote end closed connection without response')), remaining retry times: 1
2026-04-18 10:18:29,154 - ERROR - downloader - Exception caught when downloading file https://menshairstyletips.com/wp-content/uploads/Curtains-with-Highlights-564x700.jpg, error: ('Connection aborted.', RemoteDisconnected('Remote end closed connection without response')), remaining retry times: 0
2026-04-18 10:18:29,547 - ERROR - downloader - Exception caught when downloading file https://menshairstyletips.com/wp-content/uploads/2020/05/6-Sharp-Angled-Cut-Cutains-Haircut-1-320x361.jpg, error: ('Connection aborted.', RemoteDisconnected('Remote end closed connection without response')), remaining retry times: 2
2026-04-18 10:18:29,632 - ERROR - downloader - Exception caught when downloading file https://menshairstyletips.com/wp-content/uploads/2020/05/6-Sharp-Angled-Cut-Cutains-Haircut-1-320x361.jpg, error: ('Connection aborted.', RemoteDisconnected('Remote end closed connection without response')), remaining retry times: 1
2026-04-18 10:18:29,687 - ERROR - downloader - Response status code 404, file https://gatsby.ph/upload/redactor/STANDARD CURTAIN HAIR ILLUSTRATION.jpg
2026-04-18 10:18:29,727 - ERROR - downloader - Exception caught when downloading file https://menshairstyletips.com/wp-content/uploads/2020/05/6-Sharp-Angled-Cut-Cutains-Haircut-1-320x361.jpg, error: ('Connection aborted.', RemoteDisconnected('Remote end closed connection without response')), remaining retry times: 0
2026-04-18 10:18:29,852 - ERROR - downloader - Response status code 404, file https://eo54oy2xq6y.exactdn.com/wp-content/uploads/2023/04/middel-part-15.jpg
2026-04-18 10:18:29,985 - ERROR - downloader - Response status code 404, file https://gatsby.ph/upload/redactor/CURLY CURTAIN HAIR.jpg
2026-04-18 10:18:30,089 - ERROR - downloader - Exception caught when downloading file https://menshairstyletips.com/wp-content/uploads/Voluminous-Curtain-Bangs-800x993.jpg, error: ('Connection aborted.', RemoteDisconnected('Remote end closed connection without response')), remaining retry times: 2
2026-04-18 10:18:30,181 - ERROR - downloader - Exception caught when downloading file https://menshairstyletips.com/wp-content/uploads/Voluminous-Curtain-Bangs-800x993.jpg, error: ('Connection aborted.', RemoteDisconnected('Remote end closed connection without response')), remaining retry times: 1
2026-04-18 10:18:30,268 - ERROR - downloader - Exception caught when downloading file https://menshairstyletips.com/wp-content/uploads/Voluminous-Curtain-Bangs-800x993.jpg, error: ('Connection aborted.', RemoteDisconnected('Remote end closed connection without response')), remaining retry times: 0
2026-04-18 10:18:30,733 - ERROR - downloader - Exception caught when downloading file https://menshairstyletips.com/wp-content/uploads/Floating-Curtains-Hairstyle-564x700.jpg, error: ('Connection aborted.', RemoteDisconnected('Remote end closed connection without response')), remaining retry times: 2
2026-04-18 10:18:30,806 - ERROR - downloader - Exception caught when downloading file https://menshairstyletips.com/wp-content/uploads/Straight-Curtains-800x993.jpg, error: ('Connection aborted.', RemoteDisconnected('Remote end closed connection without response')), remaining retry times: 2
2026-04-18 10:18:30,898 - ERROR - downloader - Exception caught when downloading file https://menshairstyletips.com/wp-content/uploads/Straight-Curtains-800x993.jpg, error: ('Connection aborted.', RemoteDisconnected('Remote end closed connection without response')), remaining retry times: 1
2026-04-18 10:18:30,981 - ERROR - downloader - Exception caught when downloading file https://menshairstyletips.com/wp-content/uploads/Straight-Curtains-800x993.jpg, error: ('Connection aborted.', RemoteDisconnected('Remote end closed connection without response')), remaining retry times: 0
2026-04-18 10:18:33,847 - ERROR - downloader - Exception caught when downloading file https://menshairstyletips.com/wp-content/uploads/Floating-Curtains-Hairstyle-564x700.jpg, error: ('Connection aborted.', RemoteDisconnected('Remote end closed connection without response')), remaining retry times: 1
2026-04-18 10:18:33,937 - ERROR - downloader - Exception caught when downloading file https://menshairstyletips.com/wp-content/uploads/Floating-Curtains-Hairstyle-564x700.jpg, error: ('Connection aborted.', RemoteDisconnected('Remote end closed connection without response')), remaining retry times: 0
  kept 102 after portrait filter
[28/50] style_028_flow :: 'flow hairstyle men portrait'
2026-04-18 10:18:40,390 - ERROR - downloader - Response status code 404, file http://www.beardbeasts.com/cdn/shop/articles/Top_Men_s_Flow_Haircut_Styles_for_2024_1_c4ac96dd-1b96-4205-99af-45745979fc33.jpg
  kept 92 after portrait filter
[29/50] style_029_long_layered :: 'long layered hair portrait'
2026-04-18 10:18:58,525 - ERROR - downloader - Response status code 403, file https://studio.salonory.com/wp-content/uploads/2024/04/long-layered-brunette-hair.jpg
2026-04-18 10:18:58,963 - ERROR - downloader - Response status code 403, file https://stayglam.com/wp-content/uploads/2016/06/jesstheebesttcolor10.jpg
  kept 135 after portrait filter
[30/50] style_030_shag :: 'shag haircut portrait'
2026-04-18 10:19:08,575 - ERROR - downloader - Response status code 403, file https://youprobablyneedahaircut.com/wp-content/uploads/2021/09/shutterstock_46274155-735x1011.jpg
  kept 130 after portrait filter
[31/50] style_031_wolf_cut :: 'wolf cut hairstyle portrait'
2026-04-18 10:19:50,965 - ERROR - downloader - Exception caught when downloading file https://thefab20s.com/wp-content/uploads/2024/04/Wolf-cut-hairstyle.jpg, error: HTTPSConnectionPool(host='thefab20s.com', port=443): Max retries exceeded with url: /wp-content/uploads/2024/04/Wolf-cut-hairstyle.jpg (Caused by NameResolutionError("HTTPSConnection(host='thefab20s.com', port=443): Failed to resolve 'thefab20s.com' ([Errno 8] nodename nor servname provided, or not known)")), remaining retry times: 2
2026-04-18 10:20:20,976 - ERROR - downloader - Exception caught when downloading file https://thefab20s.com/wp-content/uploads/2024/04/Wolf-cut-hairstyle.jpg, error: HTTPSConnectionPool(host='thefab20s.com', port=443): Max retries exceeded with url: /wp-content/uploads/2024/04/Wolf-cut-hairstyle.jpg (Caused by NameResolutionError("HTTPSConnection(host='thefab20s.com', port=443): Failed to resolve 'thefab20s.com' ([Errno 8] nodename nor servname provided, or not known)")), remaining retry times: 1
2026-04-18 10:20:50,984 - ERROR - downloader - Exception caught when downloading file https://thefab20s.com/wp-content/uploads/2024/04/Wolf-cut-hairstyle.jpg, error: HTTPSConnectionPool(host='thefab20s.com', port=443): Max retries exceeded with url: /wp-content/uploads/2024/04/Wolf-cut-hairstyle.jpg (Caused by NameResolutionError("HTTPSConnection(host='thefab20s.com', port=443): Failed to resolve 'thefab20s.com' ([Errno 8] nodename nor servname provided, or not known)")), remaining retry times: 0
  kept 143 after portrait filter
[32/50] style_032_mullet :: 'mullet hairstyle portrait'
2026-04-18 10:21:02,070 - ERROR - downloader - Exception caught when downloading file https://thumbs.dreamstime.com/z/hyperrealistic-close-up-captures-essence-stylish-modern-mullet-haircut-side-angle-lean-man-image-has-340491582.jpg, error: HTTPSConnectionPool(host='thumbs.dreamstime.com', port=443): Read timed out. (read timeout=5), remaining retry times: 2
2026-04-18 10:21:02,800 - ERROR - downloader - Response status code 404, file https://upload.wikimedia.org/wikipedia/commons/thumb/4/4f/Modern_Mullet.jpg
2026-04-18 10:21:03,793 - ERROR - downloader - Exception caught when downloading file https://thumbs.dreamstime.com/z/mullet-haircut-close-up-hyperrealistic-modern-profile-unique-facial-features-hyperrealistic-close-up-captures-340491548.jpg, error: HTTPSConnectionPool(host='thumbs.dreamstime.com', port=443): Read timed out. (read timeout=5), remaining retry times: 2
2026-04-18 10:21:04,892 - ERROR - downloader - Response status code 404, file https://www.wikihow.com/images/thumb/1/15/Modern-Mullet-Step-1.jpg
2026-04-18 10:21:07,126 - ERROR - downloader - Exception caught when downloading file https://thumbs.dreamstime.com/z/hyperrealistic-close-up-captures-essence-stylish-modern-mullet-haircut-side-angle-lean-man-image-has-340491582.jpg, error: HTTPSConnectionPool(host='thumbs.dreamstime.com', port=443): Read timed out. (read timeout=5), remaining retry times: 1
2026-04-18 10:21:08,835 - ERROR - downloader - Exception caught when downloading file https://thumbs.dreamstime.com/z/mullet-haircut-close-up-hyperrealistic-modern-profile-unique-facial-features-hyperrealistic-close-up-captures-340491548.jpg, error: HTTPSConnectionPool(host='thumbs.dreamstime.com', port=443): Read timed out. (read timeout=5), remaining retry times: 1
2026-04-18 10:21:08,849 - ERROR - downloader - Response status code 400, file https://www.bosshunting.com.au/cdn-cgi/imagedelivery/izM8XxyLg9MD6py1ribxJw/www.bosshunting.com.au/2023/07/mullet-hairstyle-hero.jpg
2026-04-18 10:21:09,416 - ERROR - downloader - Exception caught when downloading file https://thumbs.dreamstime.com/z/hyperrealistic-close-up-captures-essence-stylish-modern-mullet-haircut-side-angle-lean-man-image-has-340491240.jpg, error: HTTPSConnectionPool(host='thumbs.dreamstime.com', port=443): Read timed out. (read timeout=5), remaining retry times: 2
2026-04-18 10:21:12,158 - ERROR - downloader - Response status code 500, file https://thumbs.dreamstime.com/z/hyperrealistic-close-up-captures-essence-stylish-modern-mullet-haircut-side-angle-lean-man-image-has-340491582.jpg
2026-04-18 10:21:13,823 - ERROR - downloader - Response status code 500, file https://thumbs.dreamstime.com/z/mullet-haircut-close-up-hyperrealistic-modern-profile-unique-facial-features-hyperrealistic-close-up-captures-340491548.jpg
2026-04-18 10:21:14,462 - ERROR - downloader - Exception caught when downloading file https://thumbs.dreamstime.com/z/hyperrealistic-close-up-captures-essence-stylish-modern-mullet-haircut-side-angle-lean-man-image-has-340491240.jpg, error: HTTPSConnectionPool(host='thumbs.dreamstime.com', port=443): Read timed out. (read timeout=5), remaining retry times: 1
2026-04-18 10:21:19,521 - ERROR - downloader - Exception caught when downloading file https://thumbs.dreamstime.com/z/hyperrealistic-close-up-captures-essence-stylish-modern-mullet-haircut-side-angle-lean-man-image-has-340491240.jpg, error: HTTPSConnectionPool(host='thumbs.dreamstime.com', port=443): Read timed out. (read timeout=5), remaining retry times: 0
  kept 115 after portrait filter
[33/50] style_033_bob :: 'bob hairstyle portrait'
2026-04-18 10:21:25,025 - ERROR - downloader - Exception caught when downloading file https://thumbs.dreamstime.com/z/beautiful-woman-bob-haircut-black-white-fashion-photo-elegant-short-brunette-hairstyle-makeup-health-beauty-101992094.jpg, error: HTTPSConnectionPool(host='thumbs.dreamstime.com', port=443): Max retries exceeded with url: /z/beautiful-woman-bob-haircut-black-white-fashion-photo-elegant-short-brunette-hairstyle-makeup-health-beauty-101992094.jpg (Caused by NameResolutionError("HTTPSConnection(host='thumbs.dreamstime.com', port=443): Failed to resolve 'thumbs.dreamstime.com' ([Errno 8] nodename nor servname provided, or not known)")), remaining retry times: 2
2026-04-18 10:21:28,147 - ERROR - downloader - Response status code 401, file https://images-wixmp-ed30a86b8c4ca887773594c2.wixmp.com/f/5b56bf22-ca9d-4292-8d6a-5669c251db76/d4v4u87-bc9b7e9d-031f-480b-a35f-b84769b2c28d.jpg
2026-04-18 10:21:30,659 - ERROR - downloader - Exception caught when downloading file https://thumbs.dreamstime.com/z/portrait-beautiful-woman-bob-hairstyle-closeup-fashion-model-face-creative-makeup-51965159.jpg, error: HTTPSConnectionPool(host='thumbs.dreamstime.com', port=443): Read timed out. (read timeout=5), remaining retry times: 2
2026-04-18 10:21:32,068 - ERROR - downloader - Exception caught when downloading file https://thumbs.dreamstime.com/b/portrait-beautiful-woman-bob-hairstyle-closeup-fashion-model-face-creative-makeup-51965159.jpg, error: HTTPSConnectionPool(host='thumbs.dreamstime.com', port=443): Read timed out. (read timeout=5), remaining retry times: 2
2026-04-18 10:21:33,659 - ERROR - downloader - Exception caught when downloading file https://thumbs.dreamstime.com/z/portrait-beautiful-woman-bob-hairstyle-closeup-fashion-model-face-creative-makeup-51965125.jpg, error: HTTPSConnectionPool(host='thumbs.dreamstime.com', port=443): Read timed out. (read timeout=5), remaining retry times: 2
2026-04-18 10:21:35,702 - ERROR - downloader - Exception caught when downloading file https://thumbs.dreamstime.com/z/portrait-beautiful-woman-bob-hairstyle-closeup-fashion-model-face-creative-makeup-51965159.jpg, error: HTTPSConnectionPool(host='thumbs.dreamstime.com', port=443): Read timed out. (read timeout=5), remaining retry times: 1
2026-04-18 10:21:37,114 - ERROR - downloader - Exception caught when downloading file https://thumbs.dreamstime.com/b/portrait-beautiful-woman-bob-hairstyle-closeup-fashion-model-face-creative-makeup-51965159.jpg, error: HTTPSConnectionPool(host='thumbs.dreamstime.com', port=443): Read timed out. (read timeout=5), remaining retry times: 1
2026-04-18 10:21:38,704 - ERROR - downloader - Exception caught when downloading file https://thumbs.dreamstime.com/z/portrait-beautiful-woman-bob-hairstyle-closeup-fashion-model-face-creative-makeup-51965125.jpg, error: HTTPSConnectionPool(host='thumbs.dreamstime.com', port=443): Read timed out. (read timeout=5), remaining retry times: 1
2026-04-18 10:21:40,685 - ERROR - downloader - Response status code 500, file https://thumbs.dreamstime.com/z/portrait-beautiful-woman-bob-hairstyle-closeup-fashion-model-face-creative-makeup-51965159.jpg
2026-04-18 10:21:43,697 - ERROR - downloader - Response status code 500, file https://thumbs.dreamstime.com/z/portrait-beautiful-woman-bob-hairstyle-closeup-fashion-model-face-creative-makeup-51965125.jpg
  kept 113 after portrait filter
[34/50] style_034_lob :: 'long bob lob hairstyle portrait'
2026-04-18 10:22:05,227 - ERROR - downloader - Exception caught when downloading file https://i.pinimg.com/originals/06/19/95/061995c761e402d0c3680779db749802.jpg, error: HTTPSConnectionPool(host='i.pinimg.com', port=443): Read timed out. (read timeout=5), remaining retry times: 2
  kept 127 after portrait filter
[35/50] style_035_asymmetric_bob :: 'asymmetric bob hairstyle portrait'
2026-04-18 10:22:18,769 - ERROR - downloader - Response status code 404, file https://flawlesshair.com/wp-content/uploads/2023/04/subtle-asymmetrical-bob--906x1024.jpg
  kept 124 after portrait filter
[36/50] style_036_pixie :: 'pixie cut portrait'
2026-04-18 10:22:31,517 - ERROR - downloader - Response status code 403, file https://youprobablyneedahaircut.com/wp-content/uploads/2021/02/shutterstock_1361323484-512x640.jpg
2026-04-18 10:22:31,520 - ERROR - downloader - Response status code 403, file https://youprobablyneedahaircut.com/wp-content/uploads/2021/02/shutterstock_1091407019-1-735x919.jpg
2026-04-18 10:22:31,657 - ERROR - downloader - Response status code 400, file https://media.gettyimages.com/id/709122361/fr/photo/portrait-of-a-woman-with-a-pixie-cut.jpg
2026-04-18 10:22:32,448 - ERROR - downloader - Response status code 403, file https://youprobablyneedahaircut.com/wp-content/uploads/2021/02/shutterstock_1213372477-735x459.jpg
2026-04-18 10:22:33,404 - ERROR - downloader - Response status code 403, file https://youprobablyneedahaircut.com/wp-content/uploads/2021/02/shutterstock_1361323484-768x960.jpg
2026-04-18 10:22:35,106 - ERROR - downloader - Response status code 400, file https://media.gettyimages.com/id/187495161/ja/ストックフォト/portrait-of-girl-with-lavender-pixie-cut-hair.jpg
2026-04-18 10:22:39,481 - ERROR - downloader - Response status code 401, file https://images-wixmp-ed30a86b8c4ca887773594c2.wixmp.com/f/89553a83-34ab-4928-aca4-46fea7290629/dh8e0w8-f6255209-448d-4ab4-a821-7cfd5aaeae02.jpg
  kept 94 after portrait filter
[37/50] style_037_bixie :: 'bixie haircut portrait'
2026-04-18 10:22:52,437 - ERROR - downloader - Response status code 403, file https://fashionjournal.com.au/wp-content/uploads/2025/07/fashion-journal-bixie-haircut-mob-1.jpg
  kept 110 after portrait filter
[38/50] style_038_blunt_cut :: 'blunt cut hairstyle portrait'
2026-04-18 10:23:06,812 - ERROR - downloader - Response status code 404, file https://i1.wp.com/www.theunstitchd.com/women/wp-content/uploads/2018/01/blunt-cut.jpg
2026-04-18 10:23:08,239 - ERROR - downloader - Response status code 404, file https://i0.wp.com/www.theunstitchd.com/women/wp-content/uploads/2018/01/blunt-cut.jpg
2026-04-18 10:23:10,796 - ERROR - downloader - Exception caught when downloading file https://www.hairstylery.com/wp-content/uploads/images/11-blunt-bob-cut-with-balayage.jpg, error: HTTPSConnectionPool(host='www.hairstylery.com', port=443): Read timed out. (read timeout=5), remaining retry times: 2
  kept 121 after portrait filter
[39/50] style_039_shoulder_length :: 'shoulder length layered hair portrait'
2026-04-18 10:23:55,036 - ERROR - downloader - Exception caught when downloading file https://www.floeyeliner.com/wp-content/uploads/2024/07/soft_layers_shoulder_length_hair-768x1152.jpg, error: HTTPSConnectionPool(host='www.floeyeliner.com', port=443): Max retries exceeded with url: /wp-content/uploads/2024/07/soft_layers_shoulder_length_hair-768x1152.jpg (Caused by NameResolutionError("HTTPSConnection(host='www.floeyeliner.com', port=443): Failed to resolve 'www.floeyeliner.com' ([Errno 8] nodename nor servname provided, or not known)")), remaining retry times: 2
2026-04-18 10:24:25,043 - ERROR - downloader - Exception caught when downloading file https://www.floeyeliner.com/wp-content/uploads/2024/07/soft_layers_shoulder_length_hair-768x1152.jpg, error: HTTPSConnectionPool(host='www.floeyeliner.com', port=443): Max retries exceeded with url: /wp-content/uploads/2024/07/soft_layers_shoulder_length_hair-768x1152.jpg (Caused by NameResolutionError("HTTPSConnection(host='www.floeyeliner.com', port=443): Failed to resolve 'www.floeyeliner.com' ([Errno 8] nodename nor servname provided, or not known)")), remaining retry times: 1
2026-04-18 10:24:55,052 - ERROR - downloader - Exception caught when downloading file https://www.floeyeliner.com/wp-content/uploads/2024/07/soft_layers_shoulder_length_hair-768x1152.jpg, error: HTTPSConnectionPool(host='www.floeyeliner.com', port=443): Max retries exceeded with url: /wp-content/uploads/2024/07/soft_layers_shoulder_length_hair-768x1152.jpg (Caused by NameResolutionError("HTTPSConnection(host='www.floeyeliner.com', port=443): Failed to resolve 'www.floeyeliner.com' ([Errno 8] nodename nor servname provided, or not known)")), remaining retry times: 0
  kept 109 after portrait filter
[40/50] style_040_afro :: 'afro hairstyle portrait'
2026-04-18 10:25:03,276 - ERROR - downloader - Response status code 403, file https://rare-gallery.com/uploads/posts/1035489-face-women-model-portrait-long-hair-looking-at-viewer-black-hair-curly-hair-fashion-hair-nose-skin-Afro-beauty-eye-hairstyle-portrait-photography-photo-shoot-brown-hair.jpg
2026-04-18 10:25:07,105 - ERROR - downloader - Exception caught when downloading file https://thumbs.dreamstime.com/z/beauty-portrait-attractive-african-american-woman-long-afro-hairstyle-glamour-makeup-studio-shot-beauty-portrait-120405035.jpg, error: HTTPSConnectionPool(host='thumbs.dreamstime.com', port=443): Read timed out. (read timeout=5), remaining retry times: 2
2026-04-18 10:25:07,682 - ERROR - downloader - Exception caught when downloading file https://thumbs.dreamstime.com/z/beauty-portrait-african-american-woman-afro-hairstyle-glamour-makeup-beauty-portrait-girl-afro-hairstyle-101205657.jpg, error: HTTPSConnectionPool(host='thumbs.dreamstime.com', port=443): Read timed out. (read timeout=5), remaining retry times: 2
2026-04-18 10:25:10,810 - ERROR - downloader - Response status code 403, file https://c.pxhere.com/images/8f/fb/306f0f2a8bd8f3eb3fe9abd0be62-1604283.jpg
2026-04-18 10:25:12,154 - ERROR - downloader - Exception caught when downloading file https://thumbs.dreamstime.com/z/beauty-portrait-attractive-african-american-woman-long-afro-hairstyle-glamour-makeup-studio-shot-beauty-portrait-120405035.jpg, error: HTTPSConnectionPool(host='thumbs.dreamstime.com', port=443): Read timed out. (read timeout=5), remaining retry times: 1
2026-04-18 10:25:12,522 - ERROR - downloader - Exception caught when downloading file https://thumbs.dreamstime.com/z/woman-portrait-afro-hair-style-327502634.jpg, error: HTTPSConnectionPool(host='thumbs.dreamstime.com', port=443): Read timed out. (read timeout=5), remaining retry times: 2
2026-04-18 10:25:12,730 - ERROR - downloader - Exception caught when downloading file https://thumbs.dreamstime.com/z/beauty-portrait-african-american-woman-afro-hairstyle-glamour-makeup-beauty-portrait-girl-afro-hairstyle-101205657.jpg, error: HTTPSConnectionPool(host='thumbs.dreamstime.com', port=443): Read timed out. (read timeout=5), remaining retry times: 1
2026-04-18 10:25:12,891 - ERROR - downloader - Response status code 403, file https://c.pxhere.com/images/3c/02/329b4c2df5d31e224a01d5d1dc9e-1583387.jpg
2026-04-18 10:25:17,164 - ERROR - downloader - Exception caught when downloading file https://thumbs.dreamstime.com/z/beauty-portrait-attractive-african-american-woman-long-afro-hairstyle-glamour-makeup-studio-shot-beauty-portrait-120405035.jpg, error: HTTPSConnectionPool(host='thumbs.dreamstime.com', port=443): Read timed out. (read timeout=5), remaining retry times: 0
2026-04-18 10:25:17,604 - ERROR - downloader - Exception caught when downloading file https://thumbs.dreamstime.com/z/woman-portrait-afro-hair-style-327502634.jpg, error: HTTPSConnectionPool(host='thumbs.dreamstime.com', port=443): Read timed out. (read timeout=5), remaining retry times: 1
2026-04-18 10:25:17,745 - ERROR - downloader - Response status code 500, file https://thumbs.dreamstime.com/z/beauty-portrait-african-american-woman-afro-hairstyle-glamour-makeup-beauty-portrait-girl-afro-hairstyle-101205657.jpg
2026-04-18 10:25:18,817 - ERROR - downloader - Exception caught when downloading file https://thumbs.dreamstime.com/b/woman-portrait-afro-hair-style-327502634.jpg, error: HTTPSConnectionPool(host='thumbs.dreamstime.com', port=443): Read timed out. (read timeout=5), remaining retry times: 2
2026-04-18 10:25:22,651 - ERROR - downloader - Exception caught when downloading file https://thumbs.dreamstime.com/z/woman-portrait-afro-hair-style-327502634.jpg, error: HTTPSConnectionPool(host='thumbs.dreamstime.com', port=443): Read timed out. (read timeout=5), remaining retry times: 0
2026-04-18 10:25:23,865 - ERROR - downloader - Exception caught when downloading file https://thumbs.dreamstime.com/b/woman-portrait-afro-hair-style-327502634.jpg, error: HTTPSConnectionPool(host='thumbs.dreamstime.com', port=443): Read timed out. (read timeout=5), remaining retry times: 1
2026-04-18 10:25:28,910 - ERROR - downloader - Exception caught when downloading file https://thumbs.dreamstime.com/b/woman-portrait-afro-hair-style-327502634.jpg, error: HTTPSConnectionPool(host='thumbs.dreamstime.com', port=443): Read timed out. (read timeout=5), remaining retry times: 0
  kept 86 after portrait filter
[41/50] style_041_afro_taper :: 'afro taper haircut portrait'
  kept 110 after portrait filter
[42/50] style_042_twist_out :: 'twist out hairstyle portrait'
2026-04-18 10:25:52,731 - ERROR - downloader - Response status code 403, file https://youprobablyneedahaircut.com/wp-content/uploads/2021/06/shutterstock_1810651855.jpg
2026-04-18 10:25:54,521 - ERROR - downloader - Response status code 403, file https://luxshinehair.com/wp-content/uploads/what-a-twist-out-hairstyle-is.jpg
  kept 85 after portrait filter
[43/50] style_043_bantu_knots :: 'bantu knots hairstyle portrait'
2026-04-18 10:26:09,691 - ERROR - downloader - Exception caught when downloading file https://images.designtrends.com/wp-content/uploads/2016/06/06123348/African-Bantu-Knot-Hairstyle.jpg, error: HTTPSConnectionPool(host='images.designtrends.com', port=443): Read timed out. (read timeout=5), remaining retry times: 2
2026-04-18 10:26:14,742 - ERROR - downloader - Exception caught when downloading file https://images.designtrends.com/wp-content/uploads/2016/06/06123348/African-Bantu-Knot-Hairstyle.jpg, error: HTTPSConnectionPool(host='images.designtrends.com', port=443): Read timed out. (read timeout=5), remaining retry times: 1
2026-04-18 10:26:19,795 - ERROR - downloader - Exception caught when downloading file https://images.designtrends.com/wp-content/uploads/2016/06/06123348/African-Bantu-Knot-Hairstyle.jpg, error: HTTPSConnectionPool(host='images.designtrends.com', port=443): Read timed out. (read timeout=5), remaining retry times: 0
  kept 126 after portrait filter
[44/50] style_044_locs :: 'dreadlocks locs hairstyle portrait'
  kept 134 after portrait filter
[45/50] style_045_box_braids :: 'box braids portrait'
2026-04-18 10:26:35,883 - ERROR - downloader - Response status code 403, file https://i.redd.it/box-braid-bob-long-with-color-v0-gbcgmi57enrd1.jpg
2026-04-18 10:26:40,742 - ERROR - downloader - Response status code 403, file https://www.ogleschool.edu/wp-content/uploads/2022/07/Final-Look-729x1024.jpg
2026-04-18 10:26:41,367 - ERROR - downloader - Response status code 404, file https://foreverbraids.com/wp-content/uploads/2023/06/271188830_4942184625831777_4124148282505242552_n-1200x1200.jpg
2026-04-18 10:26:41,387 - ERROR - downloader - Response status code 404, file https://foreverbraids.com/wp-content/uploads/2023/01/IMG_20230121_013907_875-1016x1024.jpg
  kept 112 after portrait filter
[46/50] style_046_knotless_braids :: 'knotless braids portrait'
2026-04-18 10:26:48,280 - ERROR - downloader - Response status code 404, file https://foreverbraids.com/wp-content/uploads/2022/10/311366246_3549682971928469_2028901189424412455_n.jpg
2026-04-18 10:26:48,691 - ERROR - downloader - Response status code 404, file https://foreverbraids.com/wp-content/uploads/2023/01/IMG_20230122_201151_466-768x769.jpg
2026-04-18 10:26:48,832 - ERROR - downloader - Response status code 404, file https://foreverbraids.com/wp-content/uploads/2023/01/IMG_20230122_201145_449-768x964.jpg
2026-04-18 10:26:49,776 - ERROR - downloader - Response status code 404, file https://foreverbraids.com/wp-content/uploads/2022/10/311366246_3549682971928469_2028901189424412455_n-768x960.jpg
2026-04-18 10:26:50,232 - ERROR - downloader - Response status code 404, file https://foreverbraids.com/wp-content/uploads/2023/01/IMG_20230122_201159_837.jpg
2026-04-18 10:26:50,281 - ERROR - downloader - Response status code 404, file https://foreverbraids.com/wp-content/uploads/2022/12/281381909_128683343116579_7106478271163883808_n.jpg
2026-04-18 10:26:54,352 - ERROR - downloader - Response status code 404, file https://foreverbraids.com/wp-content/uploads/2023/01/IMG_20230122_201159_200-500x628.jpg
2026-04-18 10:26:55,785 - ERROR - downloader - Response status code 403, file https://stayglam.com/wp-content/uploads/2019/12/Knotless-Braid-Updo.jpg
2026-04-18 10:26:55,899 - ERROR - downloader - Response status code 404, file https://foreverbraids.com/wp-content/uploads/2023/01/IMG_20230122_201502_574.jpg
2026-04-18 10:26:56,511 - ERROR - downloader - Response status code 404, file https://foreverbraids.com/wp-content/uploads/2023/01/IMG_20230122_201501_320-768x965.jpg
2026-04-18 10:26:56,679 - ERROR - downloader - Response status code 403, file https://st4allthings4p4ci.blob.core.windows.net/allthingshair/allthingshair/wp-content/uploads/sites/3/2021/06/04154455/3-1024x1024.jpg
  kept 91 after portrait filter
[47/50] style_047_cornrows :: 'cornrows hairstyle portrait'
2026-04-18 10:27:13,924 - ERROR - downloader - Response status code 400, file https://cdn-cf.ipsy.com/_next/image?url=https://images.ctfassets.net/daem4o9l2hfd/ma-7be84f54-94e1-4b30-adec-615036035021-mobile/d47e4200cc4114bd615f5204c7a760dc/update_cornrow-hairstyles-thumbnail.jpg
  kept 117 after portrait filter
[48/50] style_048_two_strand_twists :: 'two strand twists hairstyle portrait'
  kept 100 after portrait filter
[49/50] style_049_ponytail :: 'ponytail hairstyle portrait'
2026-04-18 10:27:36,720 - ERROR - downloader - Response status code 403, file https://rare-gallery.com/uploads/posts/1010660-sunlight-women-model-Asian-photography-dress-fashion-hair-ponytail-spring-skin-child-flower-girl-beauty-eye-woman-photograph-hairstyle-portrait-photography-photo-shoot.jpg
2026-04-18 10:27:41,704 - ERROR - downloader - Exception caught when downloading file https://thumbs.dreamstime.com/z/portrait-woman-ponytail-long-hair-style-fashion-41492931.jpg, error: HTTPSConnectionPool(host='thumbs.dreamstime.com', port=443): Read timed out. (read timeout=5), remaining retry times: 2
2026-04-18 10:27:44,232 - ERROR - downloader - Exception caught when downloading file https://thumbs.dreamstime.com/b/portrait-woman-ponytail-long-hair-style-fashion-41492931.jpg, error: HTTPSConnectionPool(host='thumbs.dreamstime.com', port=443): Read timed out. (read timeout=5), remaining retry times: 2
2026-04-18 10:27:46,282 - ERROR - downloader - Exception caught when downloading file https://thumbs.dreamstime.com/z/three-stylish-ponytails-back-view-portrait-different-hair-colors-photograph-showcasing-back-view-three-individuals-334799039.jpg, error: HTTPSConnectionPool(host='thumbs.dreamstime.com', port=443): Read timed out. (read timeout=5), remaining retry times: 2
2026-04-18 10:27:46,744 - ERROR - downloader - Exception caught when downloading file https://thumbs.dreamstime.com/z/portrait-woman-ponytail-long-hair-style-fashion-41492931.jpg, error: HTTPSConnectionPool(host='thumbs.dreamstime.com', port=443): Read timed out. (read timeout=5), remaining retry times: 1
2026-04-18 10:27:49,235 - ERROR - downloader - Exception caught when downloading file https://thumbs.dreamstime.com/b/portrait-woman-ponytail-long-hair-style-fashion-41492931.jpg, error: HTTPSConnectionPool(host='thumbs.dreamstime.com', port=443): Read timed out. (read timeout=5), remaining retry times: 1
2026-04-18 10:27:51,325 - ERROR - downloader - Exception caught when downloading file https://thumbs.dreamstime.com/z/three-stylish-ponytails-back-view-portrait-different-hair-colors-photograph-showcasing-back-view-three-individuals-334799039.jpg, error: HTTPSConnectionPool(host='thumbs.dreamstime.com', port=443): Read timed out. (read timeout=5), remaining retry times: 1
2026-04-18 10:27:51,772 - ERROR - downloader - Response status code 500, file https://thumbs.dreamstime.com/z/portrait-woman-ponytail-long-hair-style-fashion-41492931.jpg
2026-04-18 10:27:56,306 - ERROR - downloader - Response status code 500, file https://thumbs.dreamstime.com/z/three-stylish-ponytails-back-view-portrait-different-hair-colors-photograph-showcasing-back-view-three-individuals-334799039.jpg
2026-04-18 10:28:05,243 - ERROR - downloader - Exception caught when downloading file https://prepmycareer.com/wp-content/uploads/2025/06/high_ponytail_with_face-framing_strands.jpg, error: HTTPSConnectionPool(host='prepmycareer.com', port=443): Max retries exceeded with url: /wp-content/uploads/2025/06/high_ponytail_with_face-framing_strands.jpg (Caused by NameResolutionError("HTTPSConnection(host='prepmycareer.com', port=443): Failed to resolve 'prepmycareer.com' ([Errno 8] nodename nor servname provided, or not known)")), remaining retry times: 2
2026-04-18 10:28:35,255 - ERROR - downloader - Exception caught when downloading file https://prepmycareer.com/wp-content/uploads/2025/06/high_ponytail_with_face-framing_strands.jpg, error: HTTPSConnectionPool(host='prepmycareer.com', port=443): Max retries exceeded with url: /wp-content/uploads/2025/06/high_ponytail_with_face-framing_strands.jpg (Caused by NameResolutionError("HTTPSConnection(host='prepmycareer.com', port=443): Failed to resolve 'prepmycareer.com' ([Errno 8] nodename nor servname provided, or not known)")), remaining retry times: 1
2026-04-18 10:29:05,266 - ERROR - downloader - Exception caught when downloading file https://prepmycareer.com/wp-content/uploads/2025/06/high_ponytail_with_face-framing_strands.jpg, error: HTTPSConnectionPool(host='prepmycareer.com', port=443): Max retries exceeded with url: /wp-content/uploads/2025/06/high_ponytail_with_face-framing_strands.jpg (Caused by NameResolutionError("HTTPSConnection(host='prepmycareer.com', port=443): Failed to resolve 'prepmycareer.com' ([Errno 8] nodename nor servname provided, or not known)")), remaining retry times: 0
  kept 97 after portrait filter
[50/50] style_050_top_knot :: 'top knot man bun hairstyle portrait'
2026-04-18 10:29:15,713 - ERROR - downloader - Exception caught when downloading file https://menshairstyletips.com/wp-content/uploads/2020/09/Man-Bun.jpg, error: ('Connection aborted.', RemoteDisconnected('Remote end closed connection without response')), remaining retry times: 2
2026-04-18 10:29:15,799 - ERROR - downloader - Exception caught when downloading file https://menshairstyletips.com/wp-content/uploads/2020/09/Man-Bun.jpg, error: ('Connection aborted.', RemoteDisconnected('Remote end closed connection without response')), remaining retry times: 1
2026-04-18 10:29:15,892 - ERROR - downloader - Exception caught when downloading file https://menshairstyletips.com/wp-content/uploads/2020/09/Man-Bun.jpg, error: ('Connection aborted.', RemoteDisconnected('Remote end closed connection without response')), remaining retry times: 0
2026-04-18 10:29:17,867 - ERROR - downloader - Response status code 403, file https://www.manbunhairstyle.net/wp-content/uploads/2015/06/A-picture-of-a-greatly-styled-top-knot-undercut-with-facial-hair.jpg
2026-04-18 10:29:17,902 - ERROR - downloader - Response status code 403, file https://www.manbunhairstyle.net/wp-content/uploads/2015/06/A-photograph-of-a-balding-guy-with-a-man-bun-hairstyle-and-a-Norwood-3-hair-loss-stage.jpg
2026-04-18 10:29:17,907 - ERROR - downloader - Response status code 403, file https://www.manbunhairstyle.net/wp-content/uploads/2015/03/A-before-and-after-picture-of-a-male-with-a-man-bun-undercut-hairstyle.jpg
2026-04-18 10:29:19,428 - ERROR - downloader - Response status code 404, file https://i2.wp.com/thenewmensstyle.com/wp-content/uploads/2019/03/Low-Fade-With-Top-Knot.jpg
  kept 110 after portrait filter
